<?xml version="1.0" encoding="UTF-8"?>
<!-- Generated by org.testng.reporters.JUnitReportReporter -->
<testsuite hostname="DESKTOP-SUQRPE6" failures="0" tests="3" name="org.test.Practicefive" time="0.031" errors="0" timestamp="2024-08-17T19:47:36 IST" skipped="0">
  <testcase classname="org.test.Practicefive" name="test02" time="0.011"/>
  <system-out/>
  <testcase classname="org.test.Practicefive" name="test03" time="0.003"/>
  <system-out/>
  <testcase classname="org.test.Practicefive" name="test01" time="0.017"/>
  <system-out/>
</testsuite> <!-- org.test.Practicefive -->
