<?xml version="1.0" encoding="UTF-8"?>
<!-- Generated by org.testng.reporters.JUnitReportReporter -->
<testsuite hostname="DESKTOP-SUQRPE6" failures="0" tests="1" name="org.test.Praecticaltwo" time="0.980" errors="0" timestamp="2024-08-16T20:14:11 IST" skipped="0">
  <testcase classname="org.test.Praecticaltwo" name="test01" time="0.980"/>
  <system-out/>
</testsuite> <!-- org.test.Praecticaltwo -->
