<?xml version="1.0" encoding="UTF-8"?>
<!-- Generated by org.testng.reporters.JUnitReportReporter -->
<testsuite hostname="DESKTOP-SUQRPE6" failures="0" tests="2" name="org.test.Practicesix" time="0.019" errors="0" timestamp="2024-08-17T20:20:10 IST" skipped="0">
  <testcase classname="org.test.Practicesix" name="test02" time="0.003"/>
  <system-out/>
  <testcase classname="org.test.Practicesix" name="test01" time="0.016"/>
  <system-out/>
</testsuite> <!-- org.test.Practicesix -->
