<?xml version="1.0" encoding="UTF-8"?>
<!-- Generated by org.testng.reporters.JUnitReportReporter -->
<testsuite hostname="DESKTOP-SUQRPE6" failures="0" tests="4" name="org.test.PracticeSeven" time="31.561" errors="0" timestamp="2024-08-20T19:01:30 IST" skipped="0">
  <testcase classname="org.test.PracticeSeven" name="test01" time="9.945"/>
  <system-out/>
  <testcase classname="org.test.PracticeSeven" name="test02" time="6.532"/>
  <system-out/>
  <testcase classname="org.test.PracticeSeven" name="test02" time="8.637"/>
  <system-out/>
  <testcase classname="org.test.PracticeSeven" name="test01" time="6.447"/>
  <system-out/>
</testsuite> <!-- org.test.PracticeSeven -->
