<?xml version="1.0" encoding="UTF-8"?>
<!-- Generated by org.testng.reporters.JUnitReportReporter -->
<testsuite hostname="DESKTOP-SUQRPE6" failures="0" tests="3" name="org.test.Practicefour" time="0.022" errors="0" timestamp="2024-08-17T19:10:38 IST" skipped="0">
  <testcase classname="org.test.Practicefour" name="test03" time="0.004"/>
  <system-out/>
  <testcase classname="org.test.Practicefour" name="test04" time="0.002"/>
  <system-out/>
  <testcase classname="org.test.Practicefour" name="test01" time="0.016"/>
  <system-out/>
</testsuite> <!-- org.test.Practicefour -->
