<?xml version="1.0" encoding="UTF-8"?>
<!-- Generated by org.testng.reporters.JUnitReportReporter -->
<testsuite hostname="DESKTOP-SUQRPE6" failures="0" tests="1" name="org.test.Practice" time="0.016" errors="0" timestamp="2024-08-17T18:33:23 IST" skipped="0">
  <testcase classname="org.test.Practice" name="test02" time="0.016"/>
  <system-out/>
</testsuite> <!-- org.test.Practice -->
