<?xml version="1.0" encoding="UTF-8"?>
<!-- Generated by org.testng.reporters.JUnitReportReporter -->
<testsuite hostname="DESKTOP-SUQRPE6" failures="0" tests="2" name="org.test.CrossBrowser" time="12.734" errors="0" timestamp="2024-08-20T19:39:53 IST" skipped="0">
  <testcase classname="org.test.CrossBrowser" name="test" time="7.103"/>
  <system-out/>
  <testcase classname="org.test.CrossBrowser" name="test" time="5.631"/>
  <system-out/>
</testsuite> <!-- org.test.CrossBrowser -->
